<?xml version="1.0" encoding="UTF-8"?>
<!-- Generated by org.testng.reporters.JUnitXMLReporter -->
<testsuite hostname="Welcome-PC" name="Surefire test" tests="2" failures="0" timestamp="25 Apr 2018 13:52:16 GMT" time="0.047" errors="0">
  <testcase name="@BeforeMethod openBrowser" time="0.0" classname="NopCom.TestSuit">
    <failure type="java.lang.NoClassDefFoundError" message="org/openqa/selenium/logging/LoggingHandler">
      <![CDATA[java.lang.NoClassDefFoundError: org/openqa/selenium/logging/LoggingHandler
	at NopCom.BrowserSelector.selectBrowser(BrowserSelector.java:16)
	at NopCom.BaseTest.openBrowser(BaseTest.java:14)
Caused by: java.lang.ClassNotFoundException: org.openqa.selenium.logging.LoggingHandler
	at java.net.URLClassLoader.findClass(URLClassLoader.java:381)
	at java.lang.ClassLoader.loadClass(ClassLoader.java:424)
	at sun.misc.Launcher$AppClassLoader.loadClass(Launcher.java:338)
	at java.lang.ClassLoader.loadClass(ClassLoader.java:357)
	... 33 more
... Removed 31 stack frames]]>
    </failure>
  </testcase> <!-- @BeforeMethod openBrowser -->
  <testcase name="@AfterMethod closeBrowser" time="0.0" classname="NopCom.TestSuit">
    <skipped/>
  </testcase> <!-- @AfterMethod closeBrowser -->
  <testcase name="@BeforeMethod openBrowser" time="0.0" classname="NopCom.TestSuit">
    <skipped/>
  </testcase> <!-- @BeforeMethod openBrowser -->
  <testcase name="@AfterMethod closeBrowser" time="0.0" classname="NopCom.TestSuit">
    <skipped/>
  </testcase> <!-- @AfterMethod closeBrowser -->
  <testcase name="electronicPage" time="0.0" classname="NopCom.TestSuit">
    <skipped/>
  </testcase> <!-- electronicPage -->
  <testcase name="jewelryPage" time="0.0" classname="NopCom.TestSuit">
    <skipped/>
  </testcase> <!-- jewelryPage -->
</testsuite> <!-- Surefire test -->
