<?xml version="1.0" encoding="UTF-8"?>
<testng-results skipped="0" failed="0" total="2" passed="2">
  <reporter-output>
  </reporter-output>
  <suite name="Surefire suite" duration-ms="32232" started-at="2018-04-25T12:28:17Z" finished-at="2018-04-25T12:28:49Z">
    <groups>
    </groups>
    <test name="Surefire test" duration-ms="32232" started-at="2018-04-25T12:28:17Z" finished-at="2018-04-25T12:28:49Z">
      <class name="NopCom.TestSuit">
        <test-method status="PASS" signature="openBrowser()[pri:0, instance:NopCom.TestSuit@17550481]" name="openBrowser" is-config="true" duration-ms="16300" started-at="2018-04-25T13:28:17Z" finished-at="2018-04-25T13:28:34Z">
          <reporter-output>
          </reporter-output>
        </test-method> <!-- openBrowser -->
        <test-method status="PASS" signature="electronicPage()[pri:0, instance:NopCom.TestSuit@17550481]" name="electronicPage" duration-ms="5377" started-at="2018-04-25T13:28:34Z" finished-at="2018-04-25T13:28:39Z">
          <reporter-output>
          </reporter-output>
        </test-method> <!-- electronicPage -->
        <test-method status="PASS" signature="closeBrowser(org.testng.ITestResult)[pri:0, instance:NopCom.TestSuit@17550481]" name="closeBrowser" is-config="true" duration-ms="539" started-at="2018-04-25T13:28:39Z" finished-at="2018-04-25T13:28:39Z">
          <params>
            <param index="0">
              <value>
                <![CDATA[[TestResult name=electronicPage status=SUCCESS method=TestSuit.electronicPage()[pri:0, instance:NopCom.TestSuit@17550481] output={null}]]]>
              </value>
            </param>
          </params>
          <reporter-output>
          </reporter-output>
        </test-method> <!-- closeBrowser -->
        <test-method status="PASS" signature="openBrowser()[pri:0, instance:NopCom.TestSuit@17550481]" name="openBrowser" is-config="true" duration-ms="6375" started-at="2018-04-25T13:28:39Z" finished-at="2018-04-25T13:28:46Z">
          <reporter-output>
          </reporter-output>
        </test-method> <!-- openBrowser -->
        <test-method status="PASS" signature="jewelryPage()[pri:0, instance:NopCom.TestSuit@17550481]" name="jewelryPage" duration-ms="3093" started-at="2018-04-25T13:28:46Z" finished-at="2018-04-25T13:28:49Z">
          <reporter-output>
          </reporter-output>
        </test-method> <!-- jewelryPage -->
        <test-method status="PASS" signature="closeBrowser(org.testng.ITestResult)[pri:0, instance:NopCom.TestSuit@17550481]" name="closeBrowser" is-config="true" duration-ms="531" started-at="2018-04-25T13:28:49Z" finished-at="2018-04-25T13:28:49Z">
          <params>
            <param index="0">
              <value>
                <![CDATA[[TestResult name=jewelryPage status=SUCCESS method=TestSuit.jewelryPage()[pri:0, instance:NopCom.TestSuit@17550481] output={null}]]]>
              </value>
            </param>
          </params>
          <reporter-output>
          </reporter-output>
        </test-method> <!-- closeBrowser -->
      </class> <!-- NopCom.TestSuit -->
    </test> <!-- Surefire test -->
  </suite> <!-- Surefire suite -->
</testng-results>
