<?xml version="1.0" encoding="UTF-8"?>
<testng-results skipped="2" failed="0" total="2" passed="0">
  <reporter-output>
  </reporter-output>
  <suite name="Surefire suite" duration-ms="47" started-at="2018-04-25T13:52:15Z" finished-at="2018-04-25T13:52:15Z">
    <groups>
    </groups>
    <test name="Surefire test" duration-ms="47" started-at="2018-04-25T13:52:15Z" finished-at="2018-04-25T13:52:15Z">
      <class name="NopCom.TestSuit">
        <test-method status="FAIL" signature="openBrowser()[pri:0, instance:NopCom.TestSuit@5d624da6]" name="openBrowser" is-config="true" duration-ms="0" started-at="2018-04-25T14:52:15Z" finished-at="2018-04-25T14:52:15Z">
          <exception class="java.lang.NoClassDefFoundError">
            <message>
              <![CDATA[org/openqa/selenium/logging/LoggingHandler]]>
            </message>
            <full-stacktrace>
              <![CDATA[java.lang.NoClassDefFoundError: org/openqa/selenium/logging/LoggingHandler
	at NopCom.BrowserSelector.selectBrowser(BrowserSelector.java:16)
	at NopCom.BaseTest.openBrowser(BaseTest.java:14)
	at sun.reflect.NativeMethodAccessorImpl.invoke0(Native Method)
	at sun.reflect.NativeMethodAccessorImpl.invoke(NativeMethodAccessorImpl.java:62)
	at sun.reflect.DelegatingMethodAccessorImpl.invoke(DelegatingMethodAccessorImpl.java:43)
	at java.lang.reflect.Method.invoke(Method.java:498)
	at org.testng.internal.MethodInvocationHelper.invokeMethod(MethodInvocationHelper.java:85)
	at org.testng.internal.Invoker.invokeConfigurationMethod(Invoker.java:517)
	at org.testng.internal.Invoker.invokeConfigurations(Invoker.java:213)
	at org.testng.internal.Invoker.invokeMethod(Invoker.java:601)
	at org.testng.internal.Invoker.invokeTestMethod(Invoker.java:845)
	at org.testng.internal.Invoker.invokeTestMethods(Invoker.java:1153)
	at org.testng.internal.TestMethodWorker.invokeTestMethods(TestMethodWorker.java:125)
	at org.testng.internal.TestMethodWorker.run(TestMethodWorker.java:108)
	at org.testng.TestRunner.privateRun(TestRunner.java:771)
	at org.testng.TestRunner.run(TestRunner.java:621)
	at org.testng.SuiteRunner.runTest(SuiteRunner.java:357)
	at org.testng.SuiteRunner.runSequentially(SuiteRunner.java:352)
	at org.testng.SuiteRunner.privateRun(SuiteRunner.java:310)
	at org.testng.SuiteRunner.run(SuiteRunner.java:259)
	at org.testng.SuiteRunnerWorker.runSuite(SuiteRunnerWorker.java:52)
	at org.testng.SuiteRunnerWorker.run(SuiteRunnerWorker.java:86)
	at org.testng.TestNG.runSuitesSequentially(TestNG.java:1199)
	at org.testng.TestNG.runSuitesLocally(TestNG.java:1124)
	at org.testng.TestNG.run(TestNG.java:1032)
	at org.apache.maven.surefire.testng.TestNGExecutor.run(TestNGExecutor.java:135)
	at org.apache.maven.surefire.testng.TestNGDirectoryTestSuite.executeSingleClass(TestNGDirectoryTestSuite.java:112)
	at org.apache.maven.surefire.testng.TestNGDirectoryTestSuite.execute(TestNGDirectoryTestSuite.java:99)
	at org.apache.maven.surefire.testng.TestNGProvider.invoke(TestNGProvider.java:146)
	at org.apache.maven.surefire.booter.ForkedBooter.invokeProviderInSameClassLoader(ForkedBooter.java:373)
	at org.apache.maven.surefire.booter.ForkedBooter.runSuitesInProcess(ForkedBooter.java:334)
	at org.apache.maven.surefire.booter.ForkedBooter.execute(ForkedBooter.java:119)
	at org.apache.maven.surefire.booter.ForkedBooter.main(ForkedBooter.java:407)
Caused by: java.lang.ClassNotFoundException: org.openqa.selenium.logging.LoggingHandler
	at java.net.URLClassLoader.findClass(URLClassLoader.java:381)
	at java.lang.ClassLoader.loadClass(ClassLoader.java:424)
	at sun.misc.Launcher$AppClassLoader.loadClass(Launcher.java:338)
	at java.lang.ClassLoader.loadClass(ClassLoader.java:357)
	... 33 more
]]>
            </full-stacktrace>
          </exception> <!-- java.lang.NoClassDefFoundError -->
          <reporter-output>
          </reporter-output>
        </test-method> <!-- openBrowser -->
        <test-method status="SKIP" signature="jewelryPage()[pri:0, instance:NopCom.TestSuit@5d624da6]" name="jewelryPage" duration-ms="0" started-at="2018-04-25T14:52:15Z" finished-at="2018-04-25T14:52:15Z">
          <reporter-output>
          </reporter-output>
        </test-method> <!-- jewelryPage -->
        <test-method status="SKIP" signature="closeBrowser(org.testng.ITestResult)[pri:0, instance:NopCom.TestSuit@5d624da6]" name="closeBrowser" is-config="true" duration-ms="0" started-at="2018-04-25T14:52:15Z" finished-at="2018-04-25T14:52:15Z">
          <reporter-output>
          </reporter-output>
        </test-method> <!-- closeBrowser -->
        <test-method status="SKIP" signature="closeBrowser(org.testng.ITestResult)[pri:0, instance:NopCom.TestSuit@5d624da6]" name="closeBrowser" is-config="true" duration-ms="0" started-at="2018-04-25T14:52:15Z" finished-at="2018-04-25T14:52:15Z">
          <reporter-output>
          </reporter-output>
        </test-method> <!-- closeBrowser -->
        <test-method status="SKIP" signature="electronicPage()[pri:0, instance:NopCom.TestSuit@5d624da6]" name="electronicPage" duration-ms="0" started-at="2018-04-25T14:52:15Z" finished-at="2018-04-25T14:52:15Z">
          <reporter-output>
          </reporter-output>
        </test-method> <!-- electronicPage -->
        <test-method status="SKIP" signature="openBrowser()[pri:0, instance:NopCom.TestSuit@5d624da6]" name="openBrowser" is-config="true" duration-ms="0" started-at="2018-04-25T14:52:15Z" finished-at="2018-04-25T14:52:15Z">
          <reporter-output>
          </reporter-output>
        </test-method> <!-- openBrowser -->
      </class> <!-- NopCom.TestSuit -->
    </test> <!-- Surefire test -->
  </suite> <!-- Surefire suite -->
</testng-results>
